<?xml version="1.0" encoding="UTF-8"?>
<!-- Generated by org.testng.reporters.JUnitXMLReporter -->
<testsuite ignored="0" hostname="DESKTOP-94IKA2I" failures="0" tests="6" name="Default test" time="26.304" errors="0" timestamp="2022-06-24T11:03:45 IST">
  <testcase classname="testjava.LoginPageTest" name="verifyTitle" time="0.044"/>
  <testcase classname="testjava.LoginPageTest" name="verifyURL" time="0.015"/>
  <testcase classname="testjava.LoginPageTest" name="verifyLogin" time="5.031"/>
  <testcase classname="testjava.LoginPageTest" name="verifyLogin" time="4.74"/>
  <testcase classname="testjava.LoginPageTest" name="verifyLogin" time="4.742"/>
  <testcase classname="testjava.LoginPageTest" name="verifyLogin" time="4.371"/>
</testsuite> <!-- Default test -->
