<?xml version="1.0" encoding="UTF-8"?>
<testng-results ignored="0" total="7" passed="6" failed="1" skipped="0">
  <reporter-output>
    <line>
      <![CDATA[Verify Login with Correct cre]]>
    </line>
    <line>
      <![CDATA[Verify Login with Correct cre]]>
    </line>
    <line>
      <![CDATA[Verify Login with Correct cre]]>
    </line>
    <line>
      <![CDATA[Verify Login with Correct cre]]>
    </line>
    <line>
      <![CDATA[Verify Login with Correct cre]]>
    </line>
  </reporter-output>
  <suite started-at="2022-06-30T15:08:40 IST" name="Suite" finished-at="2022-06-30T15:09:14 IST" duration-ms="33976">
    <groups>
    </groups>
    <test started-at="2022-06-30T15:08:40 IST" name="Test" finished-at="2022-06-30T15:09:14 IST" duration-ms="33976">
      <class name="testjava.LoginPageTest">
        <test-method is-config="true" signature="LaunchBrowser()[pri:0, instance:testjava.LoginPageTest@5a59ca5e]" started-at="2022-06-30T15:08:40 IST" name="LaunchBrowser" finished-at="2022-06-30T15:08:47 IST" duration-ms="7009" status="PASS">
          <reporter-output>
          </reporter-output>
        </test-method> <!-- LaunchBrowser -->
        <test-method is-config="true" signature="POM()[pri:0, instance:testjava.LoginPageTest@5a59ca5e]" started-at="2022-06-30T15:08:47 IST" name="POM" finished-at="2022-06-30T15:08:47 IST" duration-ms="35" status="PASS">
          <reporter-output>
          </reporter-output>
        </test-method> <!-- POM -->
        <test-method signature="verifyTitle()[pri:0, instance:testjava.LoginPageTest@5a59ca5e]" started-at="2022-06-30T15:08:47 IST" name="verifyTitle" finished-at="2022-06-30T15:08:48 IST" duration-ms="50" status="FAIL">
          <exception class="java.lang.AssertionError">
            <message>
              <![CDATA[expected [OrangeHRMa] but found [OrangeHRM]]]>
            </message>
            <full-stacktrace>
              <![CDATA[java.lang.AssertionError: expected [OrangeHRMa] but found [OrangeHRM]
at org.testng.Assert.fail(Assert.java:97)
at org.testng.Assert.assertEqualsImpl(Assert.java:136)
at org.testng.Assert.assertEquals(Assert.java:118)
at org.testng.Assert.assertEquals(Assert.java:575)
at org.testng.Assert.assertEquals(Assert.java:585)
at testjava.LoginPageTest.verifyTitle(LoginPageTest.java:24)
at java.base/jdk.internal.reflect.NativeMethodAccessorImpl.invoke0(Native Method)
at java.base/jdk.internal.reflect.NativeMethodAccessorImpl.invoke(NativeMethodAccessorImpl.java:77)
at java.base/jdk.internal.reflect.DelegatingMethodAccessorImpl.invoke(DelegatingMethodAccessorImpl.java:43)
at java.base/java.lang.reflect.Method.invoke(Method.java:568)
at org.testng.internal.MethodInvocationHelper.invokeMethod(MethodInvocationHelper.java:134)
at org.testng.internal.TestInvoker.invokeMethod(TestInvoker.java:597)
at org.testng.internal.TestInvoker.invokeTestMethod(TestInvoker.java:173)
at org.testng.internal.MethodRunner.runInSequence(MethodRunner.java:46)
at org.testng.internal.TestInvoker$MethodInvocationAgent.invoke(TestInvoker.java:816)
at org.testng.internal.TestInvoker.invokeTestMethods(TestInvoker.java:146)
at org.testng.internal.TestMethodWorker.invokeTestMethods(TestMethodWorker.java:146)
at org.testng.internal.TestMethodWorker.run(TestMethodWorker.java:128)
at java.base/java.util.ArrayList.forEach(ArrayList.java:1511)
at org.testng.TestRunner.privateRun(TestRunner.java:766)
at org.testng.TestRunner.run(TestRunner.java:587)
at org.testng.SuiteRunner.runTest(SuiteRunner.java:384)
at org.testng.SuiteRunner.runSequentially(SuiteRunner.java:378)
at org.testng.SuiteRunner.privateRun(SuiteRunner.java:337)
at org.testng.SuiteRunner.run(SuiteRunner.java:286)
at org.testng.SuiteRunnerWorker.runSuite(SuiteRunnerWorker.java:53)
at org.testng.SuiteRunnerWorker.run(SuiteRunnerWorker.java:96)
at org.testng.TestNG.runSuitesSequentially(TestNG.java:1187)
at org.testng.TestNG.runSuitesLocally(TestNG.java:1109)
at org.testng.TestNG.runSuites(TestNG.java:1039)
at org.testng.TestNG.run(TestNG.java:1007)
at org.apache.maven.surefire.testng.TestNGExecutor.run(TestNGExecutor.java:284)
at org.apache.maven.surefire.testng.TestNGXmlTestSuite.execute(TestNGXmlTestSuite.java:75)
at org.apache.maven.surefire.testng.TestNGProvider.invoke(TestNGProvider.java:119)
at org.apache.maven.surefire.booter.ForkedBooter.runSuitesInProcess(ForkedBooter.java:428)
at org.apache.maven.surefire.booter.ForkedBooter.execute(ForkedBooter.java:162)
at org.apache.maven.surefire.booter.ForkedBooter.run(ForkedBooter.java:562)
at org.apache.maven.surefire.booter.ForkedBooter.main(ForkedBooter.java:548)
]]>
            </full-stacktrace>
          </exception> <!-- java.lang.AssertionError -->
          <reporter-output>
          </reporter-output>
        </test-method> <!-- verifyTitle -->
        <test-method is-config="true" signature="POM()[pri:0, instance:testjava.LoginPageTest@5a59ca5e]" started-at="2022-06-30T15:08:48 IST" name="POM" finished-at="2022-06-30T15:08:48 IST" duration-ms="1" status="PASS">
          <reporter-output>
          </reporter-output>
        </test-method> <!-- POM -->
        <test-method signature="verifyURL()[pri:0, instance:testjava.LoginPageTest@5a59ca5e]" started-at="2022-06-30T15:08:48 IST" name="verifyURL" finished-at="2022-06-30T15:08:48 IST" duration-ms="11" status="PASS">
          <reporter-output>
          </reporter-output>
        </test-method> <!-- verifyURL -->
        <test-method is-config="true" signature="POM()[pri:0, instance:testjava.LoginPageTest@5a59ca5e]" started-at="2022-06-30T15:08:49 IST" name="POM" finished-at="2022-06-30T15:08:49 IST" duration-ms="2" status="PASS">
          <reporter-output>
          </reporter-output>
        </test-method> <!-- POM -->
        <test-method signature="verifyLogin(java.lang.String, java.lang.String)[pri:1, instance:testjava.LoginPageTest@5a59ca5e]" started-at="2022-06-30T15:08:49 IST" name="verifyLogin" data-provider="empLogin" finished-at="2022-06-30T15:08:54 IST" duration-ms="4911" status="PASS">
          <params>
            <param index="0">
              <value>
                <![CDATA[Admin]]>
              </value>
            </param>
            <param index="1">
              <value>
                <![CDATA[dfae]]>
              </value>
            </param>
          </params>
          <reporter-output>
            <line>
              <![CDATA[Verify Login with Correct cre]]>
            </line>
          </reporter-output>
        </test-method> <!-- verifyLogin -->
        <test-method is-config="true" signature="POM()[pri:0, instance:testjava.LoginPageTest@5a59ca5e]" started-at="2022-06-30T15:08:54 IST" name="POM" finished-at="2022-06-30T15:08:54 IST" duration-ms="2" status="PASS">
          <reporter-output>
          </reporter-output>
        </test-method> <!-- POM -->
        <test-method signature="verifyLogin(java.lang.String, java.lang.String)[pri:1, instance:testjava.LoginPageTest@5a59ca5e]" started-at="2022-06-30T15:08:54 IST" name="verifyLogin" data-provider="empLogin" finished-at="2022-06-30T15:08:58 IST" duration-ms="4684" status="PASS">
          <params>
            <param index="0">
              <value>
                <![CDATA[Admin]]>
              </value>
            </param>
            <param index="1">
              <value>
                <![CDATA[dfsasdf]]>
              </value>
            </param>
          </params>
          <reporter-output>
            <line>
              <![CDATA[Verify Login with Correct cre]]>
            </line>
          </reporter-output>
        </test-method> <!-- verifyLogin -->
        <test-method is-config="true" signature="POM()[pri:0, instance:testjava.LoginPageTest@5a59ca5e]" started-at="2022-06-30T15:08:58 IST" name="POM" finished-at="2022-06-30T15:08:58 IST" duration-ms="3" status="PASS">
          <reporter-output>
          </reporter-output>
        </test-method> <!-- POM -->
        <test-method signature="verifyLogin(java.lang.String, java.lang.String)[pri:1, instance:testjava.LoginPageTest@5a59ca5e]" started-at="2022-06-30T15:08:58 IST" name="verifyLogin" data-provider="empLogin" finished-at="2022-06-30T15:09:03 IST" duration-ms="4723" status="PASS">
          <params>
            <param index="0">
              <value>
                <![CDATA[Admin]]>
              </value>
            </param>
            <param index="1">
              <value>
                <![CDATA[sdvfsd]]>
              </value>
            </param>
          </params>
          <reporter-output>
            <line>
              <![CDATA[Verify Login with Correct cre]]>
            </line>
          </reporter-output>
        </test-method> <!-- verifyLogin -->
        <test-method is-config="true" signature="POM()[pri:0, instance:testjava.LoginPageTest@5a59ca5e]" started-at="2022-06-30T15:09:03 IST" name="POM" finished-at="2022-06-30T15:09:03 IST" duration-ms="5" status="PASS">
          <reporter-output>
          </reporter-output>
        </test-method> <!-- POM -->
        <test-method signature="verifyLogin(java.lang.String, java.lang.String)[pri:1, instance:testjava.LoginPageTest@5a59ca5e]" started-at="2022-06-30T15:09:03 IST" name="verifyLogin" data-provider="empLogin" finished-at="2022-06-30T15:09:07 IST" duration-ms="4380" status="PASS">
          <params>
            <param index="0">
              <value>
                <![CDATA[asfdsaf]]>
              </value>
            </param>
            <param index="1">
              <value>
                <![CDATA[admin123]]>
              </value>
            </param>
          </params>
          <reporter-output>
            <line>
              <![CDATA[Verify Login with Correct cre]]>
            </line>
          </reporter-output>
        </test-method> <!-- verifyLogin -->
        <test-method is-config="true" signature="POM()[pri:0, instance:testjava.LoginPageTest@5a59ca5e]" started-at="2022-06-30T15:09:07 IST" name="POM" finished-at="2022-06-30T15:09:07 IST" duration-ms="8" status="PASS">
          <reporter-output>
          </reporter-output>
        </test-method> <!-- POM -->
        <test-method signature="verifyLogin(java.lang.String, java.lang.String)[pri:1, instance:testjava.LoginPageTest@5a59ca5e]" started-at="2022-06-30T15:09:07 IST" name="verifyLogin" data-provider="empLogin" finished-at="2022-06-30T15:09:14 IST" duration-ms="6775" status="PASS">
          <params>
            <param index="0">
              <value>
                <![CDATA[Admin]]>
              </value>
            </param>
            <param index="1">
              <value>
                <![CDATA[admin123]]>
              </value>
            </param>
          </params>
          <reporter-output>
            <line>
              <![CDATA[Verify Login with Correct cre]]>
            </line>
          </reporter-output>
        </test-method> <!-- verifyLogin -->
        <test-method is-config="true" signature="QuitBrowser()[pri:0, instance:testjava.LoginPageTest@5a59ca5e]" started-at="2022-06-30T15:09:14 IST" name="QuitBrowser" finished-at="2022-06-30T15:09:14 IST" duration-ms="266" status="PASS">
          <reporter-output>
          </reporter-output>
        </test-method> <!-- QuitBrowser -->
      </class> <!-- testjava.LoginPageTest -->
    </test> <!-- Test -->
  </suite> <!-- Suite -->
</testng-results>
