-------------------------------------------------------------------------------
Test set: TestSuite
-------------------------------------------------------------------------------
Tests run: 7, Failures: 1, Errors: 0, Skipped: 0, Time elapsed: 35.227 s <<< FAILURE! - in TestSuite
testjava.LoginPageTest.verifyTitle  Time elapsed: 0.02 s  <<< FAILURE!
java.lang.AssertionError: expected [OrangeHRMa] but found [OrangeHRM]
	at testjava.LoginPageTest.verifyTitle(LoginPageTest.java:24)

