<?xml version="1.0" encoding="UTF-8"?>
<testsuite xmlns:xsi="http://www.w3.org/2001/XMLSchema-instance" xsi:noNamespaceSchemaLocation="https://maven.apache.org/surefire/maven-surefire-plugin/xsd/surefire-test-report-3.0.xsd" version="3.0" name="TestSuite" time="35.227" tests="7" errors="0" skipped="0" failures="1">
  <properties>
[...]
</properties>
  <testcase name="verifyTitle" classname="testjava.LoginPageTest" time="0.02">
    <failure message="expected [OrangeHRMa] but found [OrangeHRM]" type="java.lang.AssertionError"><![CDATA[java.lang.AssertionError: expected [OrangeHRMa] but found [OrangeHRM]
	at testjava.LoginPageTest.verifyTitle(LoginPageTest.java:24)
]]></failure>
    <system-err><![CDATA[SLF4J: Failed to load class "org.slf4j.impl.StaticLoggerBinder".
SLF4J: Defaulting to no-operation (NOP) logger implementation
SLF4J: See http://www.slf4j.org/codes.html#StaticLoggerBinder for further details.
Starting ChromeDriver 103.0.5060.53 (a1711811edd74ff1cf2150f36ffa3b0dae40b17f-refs/branch-heads/5060@{#853}) on port 49714
Only local connections are allowed.
Please see https://chromedriver.chromium.org/security-considerations for suggestions on keeping ChromeDriver safe.
ChromeDriver was started successfully.
Jun 30, 2022 3:08:43 PM org.openqa.selenium.remote.ProtocolHandshake createSession
INFO: Detected dialect: W3C
Jun 30, 2022 3:08:43 PM org.openqa.selenium.devtools.CdpVersionFinder findNearestMatch
WARNING: Unable to find an exact match for CDP version 103, so returning the closest version found: a no-op implementation
Jun 30, 2022 3:08:43 PM org.openqa.selenium.devtools.CdpVersionFinder findNearestMatch
INFO: Unable to find CDP implementation matching 103.
Jun 30, 2022 3:08:43 PM org.openqa.selenium.chromium.ChromiumDriver lambda$new$3
WARNING: Unable to find version of CDP to use for . You may need to include a dependency on a specific version of the CDP using something similar to `org.seleniumhq.selenium:selenium-devtools-v86:4.0.0` where the version ("v86") matches the version of the chromium-based browser you're using and the version number of the artifact is the same as Selenium's.
]]></system-err>
  </testcase>
  <testcase name="verifyURL" classname="testjava.LoginPageTest" time="0.011"/>
  <testcase name="verifyLogin[Admin, dfae](1)" classname="testjava.LoginPageTest" time="4.91">
    <system-out><![CDATA[Verify Login with Correct cre
]]></system-out>
  </testcase>
  <testcase name="verifyLogin[Admin, dfsasdf](2)" classname="testjava.LoginPageTest" time="4.685">
    <system-out><![CDATA[Verify Login with Correct cre
]]></system-out>
  </testcase>
  <testcase name="verifyLogin[Admin, sdvfsd](3)" classname="testjava.LoginPageTest" time="4.723">
    <system-out><![CDATA[Verify Login with Correct cre
]]></system-out>
  </testcase>
  <testcase name="verifyLogin[asfdsaf, admin123](4)" classname="testjava.LoginPageTest" time="4.378">
    <system-out><![CDATA[Verify Login with Correct cre
]]></system-out>
  </testcase>
  <testcase name="verifyLogin[Admin, admin123](5)" classname="testjava.LoginPageTest" time="6.775">
    <system-out><![CDATA[Verify Login with Correct cre
]]></system-out>
  </testcase>
</testsuite>