<?xml version="1.0" encoding="UTF-8"?>
<testng-results ignored="0" total="6" passed="6" failed="0" skipped="0">
  <reporter-output>
    <line>
      <![CDATA[Verify Login with Correct cre]]>
    </line>
    <line>
      <![CDATA[Verify Login with Correct cre]]>
    </line>
    <line>
      <![CDATA[Verify Login with Correct cre]]>
    </line>
    <line>
      <![CDATA[Verify Login with Correct cre]]>
    </line>
  </reporter-output>
  <suite started-at="2022-06-24T11:03:18 IST" name="Default suite" finished-at="2022-06-24T11:03:45 IST" duration-ms="26304">
    <groups>
    </groups>
    <test started-at="2022-06-24T11:03:18 IST" name="Default test" finished-at="2022-06-24T11:03:45 IST" duration-ms="26304">
      <class name="testjava.LoginPageTest">
        <test-method is-config="true" signature="LaunchBrowser()[pri:0, instance:testjava.LoginPageTest@57af006c]" started-at="2022-06-24T11:03:18 IST" name="LaunchBrowser" finished-at="2022-06-24T11:03:24 IST" duration-ms="6023" status="PASS">
          <reporter-output>
          </reporter-output>
        </test-method> <!-- LaunchBrowser -->
        <test-method is-config="true" signature="POM()[pri:0, instance:testjava.LoginPageTest@57af006c]" started-at="2022-06-24T11:03:24 IST" name="POM" finished-at="2022-06-24T11:03:25 IST" duration-ms="66" status="PASS">
          <reporter-output>
          </reporter-output>
        </test-method> <!-- POM -->
        <test-method signature="verifyTitle()[pri:0, instance:testjava.LoginPageTest@57af006c]" started-at="2022-06-24T11:03:25 IST" name="verifyTitle" finished-at="2022-06-24T11:03:25 IST" duration-ms="44" status="PASS">
          <reporter-output>
          </reporter-output>
        </test-method> <!-- verifyTitle -->
        <test-method is-config="true" signature="POM()[pri:0, instance:testjava.LoginPageTest@57af006c]" started-at="2022-06-24T11:03:25 IST" name="POM" finished-at="2022-06-24T11:03:25 IST" duration-ms="1" status="PASS">
          <reporter-output>
          </reporter-output>
        </test-method> <!-- POM -->
        <test-method signature="verifyURL()[pri:0, instance:testjava.LoginPageTest@57af006c]" started-at="2022-06-24T11:03:25 IST" name="verifyURL" finished-at="2022-06-24T11:03:25 IST" duration-ms="15" status="PASS">
          <reporter-output>
          </reporter-output>
        </test-method> <!-- verifyURL -->
        <test-method is-config="true" signature="POM()[pri:0, instance:testjava.LoginPageTest@57af006c]" started-at="2022-06-24T11:03:25 IST" name="POM" finished-at="2022-06-24T11:03:25 IST" duration-ms="1" status="PASS">
          <reporter-output>
          </reporter-output>
        </test-method> <!-- POM -->
        <test-method signature="verifyLogin(java.lang.String, java.lang.String)[pri:1, instance:testjava.LoginPageTest@57af006c]" started-at="2022-06-24T11:03:25 IST" name="verifyLogin" data-provider="empLogin" finished-at="2022-06-24T11:03:30 IST" duration-ms="5031" status="PASS">
          <params>
            <param index="0">
              <value>
                <![CDATA[Admin]]>
              </value>
            </param>
            <param index="1">
              <value>
                <![CDATA[dfae]]>
              </value>
            </param>
          </params>
          <reporter-output>
            <line>
              <![CDATA[Verify Login with Correct cre]]>
            </line>
          </reporter-output>
        </test-method> <!-- verifyLogin -->
        <test-method is-config="true" signature="POM()[pri:0, instance:testjava.LoginPageTest@57af006c]" started-at="2022-06-24T11:03:30 IST" name="POM" finished-at="2022-06-24T11:03:30 IST" duration-ms="1" status="PASS">
          <reporter-output>
          </reporter-output>
        </test-method> <!-- POM -->
        <test-method signature="verifyLogin(java.lang.String, java.lang.String)[pri:1, instance:testjava.LoginPageTest@57af006c]" started-at="2022-06-24T11:03:30 IST" name="verifyLogin" data-provider="empLogin" finished-at="2022-06-24T11:03:35 IST" duration-ms="4740" status="PASS">
          <params>
            <param index="0">
              <value>
                <![CDATA[Admin]]>
              </value>
            </param>
            <param index="1">
              <value>
                <![CDATA[dfsasdf]]>
              </value>
            </param>
          </params>
          <reporter-output>
            <line>
              <![CDATA[Verify Login with Correct cre]]>
            </line>
          </reporter-output>
        </test-method> <!-- verifyLogin -->
        <test-method is-config="true" signature="POM()[pri:0, instance:testjava.LoginPageTest@57af006c]" started-at="2022-06-24T11:03:35 IST" name="POM" finished-at="2022-06-24T11:03:35 IST" duration-ms="2" status="PASS">
          <reporter-output>
          </reporter-output>
        </test-method> <!-- POM -->
        <test-method signature="verifyLogin(java.lang.String, java.lang.String)[pri:1, instance:testjava.LoginPageTest@57af006c]" started-at="2022-06-24T11:03:35 IST" name="verifyLogin" data-provider="empLogin" finished-at="2022-06-24T11:03:40 IST" duration-ms="4742" status="PASS">
          <params>
            <param index="0">
              <value>
                <![CDATA[Admin]]>
              </value>
            </param>
            <param index="1">
              <value>
                <![CDATA[sdvfsd]]>
              </value>
            </param>
          </params>
          <reporter-output>
            <line>
              <![CDATA[Verify Login with Correct cre]]>
            </line>
          </reporter-output>
        </test-method> <!-- verifyLogin -->
        <test-method is-config="true" signature="POM()[pri:0, instance:testjava.LoginPageTest@57af006c]" started-at="2022-06-24T11:03:40 IST" name="POM" finished-at="2022-06-24T11:03:40 IST" duration-ms="14" status="PASS">
          <reporter-output>
          </reporter-output>
        </test-method> <!-- POM -->
        <test-method signature="verifyLogin(java.lang.String, java.lang.String)[pri:1, instance:testjava.LoginPageTest@57af006c]" started-at="2022-06-24T11:03:40 IST" name="verifyLogin" data-provider="empLogin" finished-at="2022-06-24T11:03:44 IST" duration-ms="4371" status="PASS">
          <params>
            <param index="0">
              <value>
                <![CDATA[asfdsaf]]>
              </value>
            </param>
            <param index="1">
              <value>
                <![CDATA[admin123]]>
              </value>
            </param>
          </params>
          <reporter-output>
            <line>
              <![CDATA[Verify Login with Correct cre]]>
            </line>
          </reporter-output>
        </test-method> <!-- verifyLogin -->
        <test-method is-config="true" signature="QuitBrowser()[pri:0, instance:testjava.LoginPageTest@57af006c]" started-at="2022-06-24T11:03:44 IST" name="QuitBrowser" finished-at="2022-06-24T11:03:45 IST" duration-ms="341" status="PASS">
          <reporter-output>
          </reporter-output>
        </test-method> <!-- QuitBrowser -->
      </class> <!-- testjava.LoginPageTest -->
    </test> <!-- Default test -->
  </suite> <!-- Default suite -->
</testng-results>
