<?xml version="1.0" encoding="UTF-8"?>
<!-- Generated by org.testng.reporters.JUnitXMLReporter -->
<testsuite ignored="0" hostname="DESKTOP-94IKA2I" failures="1" tests="7" name="Test" time="33.976" errors="0" timestamp="2022-06-30T15:09:14 IST">
  <testcase classname="testjava.LoginPageTest" name="verifyTitle" time="0.05">
    <failure type="java.lang.AssertionError" message="expected [OrangeHRMa] but found [OrangeHRM]">
      <![CDATA[java.lang.AssertionError: expected [OrangeHRMa] but found [OrangeHRM]
at testjava.LoginPageTest.verifyTitle(LoginPageTest.java:24)
at java.base/java.util.ArrayList.forEach(ArrayList.java:1511)
... Removed 36 stack frames]]>
    </failure>
  </testcase> <!-- verifyTitle -->
  <testcase classname="testjava.LoginPageTest" name="verifyURL" time="0.011"/>
  <testcase classname="testjava.LoginPageTest" name="verifyLogin" time="4.911"/>
  <testcase classname="testjava.LoginPageTest" name="verifyLogin" time="4.684"/>
  <testcase classname="testjava.LoginPageTest" name="verifyLogin" time="4.723"/>
  <testcase classname="testjava.LoginPageTest" name="verifyLogin" time="4.38"/>
  <testcase classname="testjava.LoginPageTest" name="verifyLogin" time="6.775"/>
</testsuite> <!-- Test -->
